TN:
SF:/Users/oliverjam/Web/fac/workshops/learn-tdd/tests.js
FN:12,(anonymous_1)
FN:18,(anonymous_2)
FN:24,(anonymous_3)
FN:30,(anonymous_4)
FNF:4
FNH:4
FNDA:1,(anonymous_1)
FNDA:1,(anonymous_2)
FNDA:1,(anonymous_3)
FNDA:1,(anonymous_4)
DA:4,1
DA:5,1
DA:7,1
DA:8,1
DA:9,1
DA:12,1
DA:13,1
DA:14,1
DA:15,1
DA:18,1
DA:19,1
DA:20,1
DA:21,1
DA:24,1
DA:25,1
DA:26,1
DA:27,1
DA:30,1
DA:31,1
DA:32,1
DA:33,1
DA:36,1
LF:22
LH:22
BRDA:4,1,0,1
BRDA:4,1,1,0
BRDA:4,2,0,1
BRDA:4,2,1,1
BRDA:36,3,0,1
BRDA:36,3,1,0
BRDA:36,4,0,1
BRDA:36,4,1,1
BRF:8
BRH:6
end_of_record
TN:
SF:/Users/oliverjam/Web/fac/workshops/learn-tdd/change.js
FN:1,getChange
FNF:1
FNH:1
FNDA:4,getChange
DA:1,1
DA:2,4
DA:3,4
DA:4,4
DA:5,4
DA:6,3
DA:7,24
DA:8,16
DA:9,16
DA:12,3
DA:13,3
DA:19,1
DA:20,1
LF:13
LH:13
BRDA:5,1,0,1
BRDA:5,1,1,3
BRDA:12,2,0,0
BRDA:12,2,1,3
BRDA:19,3,0,1
BRDA:19,3,1,0
BRDA:19,4,0,1
BRDA:19,4,1,1
BRF:8
BRH:7
end_of_record
